<?xml version="1.0" encoding="UTF-8"?>
<!-- Generated by org.testng.reporters.JUnitXMLReporter -->
<testsuite hostname="DS-C101AA553646" ignored="1" name="Practice test cases2" tests="1" failures="0" timestamp="31 Dec 2018 10:50:38 GMT" time="0.015" errors="0">
  <testcase name="method3" time="0.0" classname="com.practice.TestNGTests2"/>
  <testcase name="method4" time="0.0" classname="com.practice.TestNGTests2">
    <ignored/>
  </testcase> <!-- method4 -->
</testsuite> <!-- Practice test cases2 -->
